{"/Users/m/code/useFingerprint/src/useFingerprint.ts": {"path":"/Users/m/code/useFingerprint/src/useFingerprint.ts","statementMap":{"0":{"start":{"line":1,"column":0},"end":{"line":1,"column":26}},"1":{"start":{"line":2,"column":0},"end":{"line":2,"column":42}},"2":{"start":{"line":5,"column":8},"end":{"line":5,"column":9}},"3":{"start":{"line":5,"column":9},"end":{"line":5,"column":20}},"4":{"start":{"line":5,"column":22},"end":{"line":5,"column":68}},"5":{"start":{"line":7,"column":2},"end":{"line":27,"column":9}},"6":{"start":{"line":8,"column":4},"end":{"line":8,"column":43}},"7":{"start":{"line":8,"column":36},"end":{"line":8,"column":43}},"8":{"start":{"line":10,"column":41},"end":{"line":18,"column":5}},"9":{"start":{"line":11,"column":6},"end":{"line":17,"column":9}},"10":{"start":{"line":12,"column":28},"end":{"line":14,"column":null}},"11":{"start":{"line":13,"column":32},"end":{"line":13,"column":40}},"12":{"start":{"line":16,"column":8},"end":{"line":16,"column":36}},"13":{"start":{"line":21,"column":4},"end":{"line":26,"column":null}},"14":{"start":{"line":23,"column":6},"end":{"line":23,"column":63}},"15":{"start":{"line":25,"column":6},"end":{"line":25,"column":52}},"16":{"start":{"line":29,"column":2},"end":{"line":29,"column":21}},"17":{"start":{"line":4,"column":0},"end":{"line":4,"column":null}}},"fnMap":{"0":{"name":"default_1","decl":{"start":{"line":4,"column":0},"end":{"line":4,"column":null}},"loc":{"start":{"line":4,"column":0},"end":{"line":30,"column":1}}},"1":{"name":"(anonymous_2)","decl":{"start":{"line":7,"column":18},"end":{"line":7,"column":null}},"loc":{"start":{"line":7,"column":18},"end":{"line":27,"column":3}}},"2":{"name":"(anonymous_3)","decl":{"start":{"line":10,"column":41},"end":{"line":10,"column":null}},"loc":{"start":{"line":10,"column":41},"end":{"line":18,"column":5}}},"3":{"name":"(anonymous_4)","decl":{"start":{"line":11,"column":23},"end":{"line":11,"column":24}},"loc":{"start":{"line":11,"column":34},"end":{"line":17,"column":7}}},"4":{"name":"(anonymous_5)","decl":{"start":{"line":13,"column":25},"end":{"line":13,"column":26}},"loc":{"start":{"line":13,"column":27},"end":{"line":13,"column":33}}}},"branchMap":{"0":{"loc":{"start":{"line":8,"column":4},"end":{"line":8,"column":43}},"type":"if","locations":[{"start":{"line":8,"column":4},"end":{"line":8,"column":43}},{"start":{"line":8,"column":4},"end":{"line":8,"column":43}}]},"1":{"loc":{"start":{"line":21,"column":4},"end":{"line":26,"column":null}},"type":"if","locations":[{"start":{"line":21,"column":4},"end":{"line":26,"column":null}},{"start":{"line":21,"column":4},"end":{"line":26,"column":null}}]}},"s":{"0":2,"1":2,"2":5,"3":5,"4":5,"5":5,"6":3,"7":1,"8":2,"9":2,"10":2,"11":2,"12":2,"13":2,"14":1,"15":1,"16":5,"17":2},"f":{"0":5,"1":3,"2":2,"3":2,"4":2},"b":{"0":[1,2],"1":[1,1]}}
}
