{"/Users/m/code/useFingerprint/src/useFingerprint.ts": {"path":"/Users/m/code/useFingerprint/src/useFingerprint.ts","statementMap":{"0":{"start":{"line":1,"column":0},"end":{"line":1,"column":26}},"1":{"start":{"line":2,"column":0},"end":{"line":2,"column":42}},"2":{"start":{"line":4,"column":0},"end":{"line":4,"column":25}},"3":{"start":{"line":5,"column":8},"end":{"line":5,"column":9}},"4":{"start":{"line":5,"column":9},"end":{"line":5,"column":20}},"5":{"start":{"line":5,"column":22},"end":{"line":5,"column":68}},"6":{"start":{"line":7,"column":2},"end":{"line":33,"column":9}},"7":{"start":{"line":8,"column":4},"end":{"line":8,"column":43}},"8":{"start":{"line":8,"column":36},"end":{"line":8,"column":43}},"9":{"start":{"line":10,"column":41},"end":{"line":24,"column":5}},"10":{"start":{"line":11,"column":23},"end":{"line":17,"column":7}},"11":{"start":{"line":12,"column":28},"end":{"line":14,"column":null}},"12":{"start":{"line":13,"column":32},"end":{"line":13,"column":40}},"13":{"start":{"line":16,"column":8},"end":{"line":16,"column":36}},"14":{"start":{"line":19,"column":19},"end":{"line":20,"column":null}},"15":{"start":{"line":20,"column":17},"end":{"line":20,"column":null}},"16":{"start":{"line":23,"column":6},"end":{"line":23,"column":41}},"17":{"start":{"line":27,"column":4},"end":{"line":32,"column":null}},"18":{"start":{"line":29,"column":6},"end":{"line":29,"column":63}},"19":{"start":{"line":31,"column":6},"end":{"line":31,"column":52}},"20":{"start":{"line":35,"column":2},"end":{"line":35,"column":21}}},"fnMap":{"0":{"name":"default_1","decl":{"start":{"line":4,"column":0},"end":{"line":4,"column":25}},"loc":{"start":{"line":4,"column":55},"end":{"line":36,"column":1}}},"1":{"name":"(anonymous_2)","decl":{"start":{"line":7,"column":18},"end":{"line":7,"column":null}},"loc":{"start":{"line":7,"column":18},"end":{"line":33,"column":3}}},"2":{"name":"(anonymous_3)","decl":{"start":{"line":10,"column":41},"end":{"line":10,"column":null}},"loc":{"start":{"line":10,"column":41},"end":{"line":24,"column":5}}},"3":{"name":"(anonymous_4)","decl":{"start":{"line":11,"column":23},"end":{"line":11,"column":24}},"loc":{"start":{"line":11,"column":34},"end":{"line":17,"column":7}}},"4":{"name":"(anonymous_5)","decl":{"start":{"line":13,"column":25},"end":{"line":13,"column":26}},"loc":{"start":{"line":13,"column":27},"end":{"line":13,"column":33}}},"5":{"name":"(anonymous_6)","decl":{"start":{"line":20,"column":8},"end":{"line":20,"column":9}},"loc":{"start":{"line":20,"column":12},"end":{"line":20,"column":24}}}},"branchMap":{"0":{"loc":{"start":{"line":8,"column":4},"end":{"line":8,"column":43}},"type":"if","locations":[{"start":{"line":8,"column":4},"end":{"line":8,"column":43}},{"start":{"line":8,"column":4},"end":{"line":8,"column":43}}]},"1":{"loc":{"start":{"line":27,"column":4},"end":{"line":32,"column":null}},"type":"if","locations":[{"start":{"line":27,"column":4},"end":{"line":32,"column":null}},{"start":{"line":27,"column":4},"end":{"line":32,"column":null}}]}},"s":{"0":2,"1":2,"2":9,"3":7,"4":7,"5":7,"6":7,"7":4,"8":1,"9":3,"10":3,"11":3,"12":3,"13":3,"14":3,"15":6,"16":3,"17":3,"18":2,"19":1,"20":7},"f":{"0":7,"1":4,"2":3,"3":3,"4":3,"5":6},"b":{"0":[1,3],"1":[2,1]}}
}
