TN:
SF:src/useFingerprint.ts
FN:4,default_1
FN:7,(anonymous_2)
FN:10,(anonymous_3)
FN:11,(anonymous_4)
FN:13,(anonymous_5)
FN:20,(anonymous_6)
FNF:6
FNH:6
FNDA:7,default_1
FNDA:4,(anonymous_2)
FNDA:3,(anonymous_3)
FNDA:3,(anonymous_4)
FNDA:3,(anonymous_5)
FNDA:6,(anonymous_6)
DA:1,2
DA:2,2
DA:4,9
DA:5,7
DA:7,7
DA:8,4
DA:10,3
DA:11,3
DA:12,3
DA:13,3
DA:16,3
DA:19,3
DA:20,6
DA:23,3
DA:27,3
DA:29,2
DA:31,1
DA:35,7
LF:18
LH:18
BRDA:8,0,0,1
BRDA:8,0,1,3
BRDA:27,1,0,2
BRDA:27,1,1,1
BRF:4
BRH:4
end_of_record
